Base path: C:/Eigene/Editor/Data
Pipe name: \\.\pipe\UnityShaderCompiler-1-5732
Cmd: getPlatforms
Cmd: preprocess
  insize=905 outsize=363 ok=1
Cmd: preprocess
  insize=1140 outsize=283 ok=1
Cmd: preprocess
  insize=1002 outsize=527 ok=1
Cmd: preprocess
  insize=2482 outsize=721 ok=1
Cmd: preprocess
  insize=1544 outsize=374 ok=1
Cmd: preprocess
  insize=1505 outsize=578 ok=1
Cmd: preprocess
  insize=1502 outsize=713 ok=1
Cmd: preprocess
  insize=4636 outsize=1077 ok=1
Cmd: preprocess
  insize=1067 outsize=472 ok=1
Cmd: preprocess
  insize=3322 outsize=825 ok=1
Cmd: preprocess
  insize=3813 outsize=1117 ok=1
Cmd: preprocess
  insize=846 outsize=406 ok=1
Cmd: preprocess
  insize=1560 outsize=717 ok=1
Cmd: preprocess
  insize=3904 outsize=614 ok=1
Cmd: preprocess
  insize=1699 outsize=501 ok=1
Cmd: preprocess
  insize=4445 outsize=999 ok=1
Cmd: preprocess
  insize=1028 outsize=505 ok=1
Cmd: preprocess
  insize=1066 outsize=473 ok=1
Cmd: preprocess
  insize=7621 outsize=1622 ok=1
Cmd: preprocess
  insize=3812 outsize=770 ok=1
Cmd: preprocess
  insize=1248 outsize=406 ok=1
Cmd: preprocess
  insize=3233 outsize=825 ok=1
Cmd: preprocess
  insize=942 outsize=467 ok=1
Cmd: preprocess
  insize=899 outsize=381 ok=1
Cmd: preprocess
  insize=1056 outsize=463 ok=1
Cmd: preprocess
  insize=5042 outsize=882 ok=1
Cmd: preprocess
  insize=1035 outsize=482 ok=1
Cmd: preprocess
  insize=3334 outsize=1464 ok=1
Cmd: preprocess
  insize=1105 outsize=457 ok=1
Cmd: preprocess
  insize=923 outsize=435 ok=1
Cmd: preprocess
  insize=2610 outsize=780 ok=1
Unhandled exception: Readfile from pipe failed. GLE=Die Pipe wurde beendet.


Quitting shader compiler process
